<?xml version="1.0" encoding="UTF-8"?><testrun name="TestUserService" project="cms-web-project" tests="10" started="10" failures="1" errors="0" ignored="0">
  <testsuite name="com.cms.service.TestUserService" time="69.708">
    <testcase name="testDelete" classname="com.cms.service.TestUserService" time="0.006"/>
    <testcase name="testUpdateStatus" classname="com.cms.service.TestUserService" time="69.668">
      <failure>java.lang.AssertionError: 
  Expectation failure on verify:
    IUserDao.load(2): expected: 1, actual: 1
    IUserDao.update(com.cms.core.model.User@1863d2fe): expected: 1, actual: 0
	at org.easymock.internal.MocksControl.verify(MocksControl.java:183)
	at org.easymock.EasyMock.verify(EasyMock.java:2142)
	at com.cms.service.TestUserService.testUpdateStatus(TestUserService.java:73)
	at sun.reflect.NativeMethodAccessorImpl.invoke0(Native Method)
	at sun.reflect.NativeMethodAccessorImpl.invoke(NativeMethodAccessorImpl.java:62)
	at sun.reflect.DelegatingMethodAccessorImpl.invoke(DelegatingMethodAccessorImpl.java:43)
	at java.lang.reflect.Method.invoke(Method.java:498)
	at org.junit.runners.model.FrameworkMethod$1.runReflectiveCall(FrameworkMethod.java:45)
	at org.junit.internal.runners.model.ReflectiveCallable.run(ReflectiveCallable.java:15)
	at org.junit.runners.model.FrameworkMethod.invokeExplosively(FrameworkMethod.java:42)
	at org.junit.internal.runners.statements.InvokeMethod.evaluate(InvokeMethod.java:20)
	at org.springframework.test.context.junit4.statements.RunBeforeTestMethodCallbacks.evaluate(RunBeforeTestMethodCallbacks.java:75)
	at org.springframework.test.context.junit4.statements.RunAfterTestMethodCallbacks.evaluate(RunAfterTestMethodCallbacks.java:86)
	at org.springframework.test.context.junit4.statements.SpringRepeat.evaluate(SpringRepeat.java:84)
	at org.junit.runners.ParentRunner.runLeaf(ParentRunner.java:263)
	at org.springframework.test.context.junit4.SpringJUnit4ClassRunner.runChild(SpringJUnit4ClassRunner.java:254)
	at org.springframework.test.context.junit4.SpringJUnit4ClassRunner.runChild(SpringJUnit4ClassRunner.java:89)
	at org.junit.runners.ParentRunner$3.run(ParentRunner.java:231)
	at org.junit.runners.ParentRunner$1.schedule(ParentRunner.java:60)
	at org.junit.runners.ParentRunner.runChildren(ParentRunner.java:229)
	at org.junit.runners.ParentRunner.access$000(ParentRunner.java:50)
	at org.junit.runners.ParentRunner$2.evaluate(ParentRunner.java:222)
	at org.springframework.test.context.junit4.statements.RunBeforeTestClassCallbacks.evaluate(RunBeforeTestClassCallbacks.java:61)
	at org.springframework.test.context.junit4.statements.RunAfterTestClassCallbacks.evaluate(RunAfterTestClassCallbacks.java:70)
	at org.junit.runners.ParentRunner.run(ParentRunner.java:300)
	at org.springframework.test.context.junit4.SpringJUnit4ClassRunner.run(SpringJUnit4ClassRunner.java:193)
	at org.eclipse.jdt.internal.junit4.runner.JUnit4TestReference.run(JUnit4TestReference.java:86)
	at org.eclipse.jdt.internal.junit.runner.TestExecution.run(TestExecution.java:38)
	at org.eclipse.jdt.internal.junit.runner.RemoteTestRunner.runTests(RemoteTestRunner.java:459)
	at org.eclipse.jdt.internal.junit.runner.RemoteTestRunner.runTests(RemoteTestRunner.java:678)
	at org.eclipse.jdt.internal.junit.runner.RemoteTestRunner.run(RemoteTestRunner.java:382)
	at org.eclipse.jdt.internal.junit.runner.RemoteTestRunner.main(RemoteTestRunner.java:192)

</failure>
    </testcase>
    <testcase name="testUpdateStatusFail" classname="com.cms.service.TestUserService" time="0.001"/>
    <testcase name="testfindUser" classname="com.cms.service.TestUserService" time="0.002"/>
    <testcase name="testAddUserExist" classname="com.cms.service.TestUserService" time="0.003"/>
    <testcase name="testAddUserSuccess" classname="com.cms.service.TestUserService" time="0.013"/>
    <testcase name="testAddUserNoRole" classname="com.cms.service.TestUserService" time="0.003"/>
    <testcase name="testAddUserNoGroup" classname="com.cms.service.TestUserService" time="0.003"/>
    <testcase name="testUpdateUserDelete" classname="com.cms.service.TestUserService" time="0.005"/>
    <testcase name="testUpdateUserAdd" classname="com.cms.service.TestUserService" time="0.002"/>
  </testsuite>
</testrun>
