<?xml version="1.0" encoding="UTF-8"?><testrun name="TestGroupDao.testlistGroupChannelIds" project="cms-web-project" tests="1" started="1" failures="0" errors="1" ignored="0">
  <testcase name="testlistGroupChannelIds" classname="com.cms.core.dao.TestGroupDao" time="5.987">
    <error>org.hibernate.PropertyNotFoundException: Could not find setter for c_id on class java.lang.Integer
	at org.hibernate.property.ChainedPropertyAccessor.getSetter(ChainedPropertyAccessor.java:66)
	at org.hibernate.transform.AliasToBeanResultTransformer.initialize(AliasToBeanResultTransformer.java:122)
	at org.hibernate.transform.AliasToBeanResultTransformer.transformTuple(AliasToBeanResultTransformer.java:85)
	at org.hibernate.hql.internal.HolderInstantiator.instantiate(HolderInstantiator.java:95)
	at org.hibernate.loader.custom.CustomLoader.getResultList(CustomLoader.java:395)
	at org.hibernate.loader.Loader.listIgnoreQueryCache(Loader.java:2263)
	at org.hibernate.loader.Loader.list(Loader.java:2258)
	at org.hibernate.loader.custom.CustomLoader.list(CustomLoader.java:331)
	at org.hibernate.internal.SessionImpl.listCustomQuery(SessionImpl.java:1697)
	at org.hibernate.internal.AbstractSessionImpl.list(AbstractSessionImpl.java:225)
	at org.hibernate.internal.SQLQueryImpl.list(SQLQueryImpl.java:156)
	at com.cms.basic.dao.BaseDao.listBySql(BaseDao.java:300)
	at com.cms.basic.dao.BaseDao.listBySql(BaseDao.java:279)
	at com.cms.core.dao.GroupDao.listGroupChannelIds(GroupDao.java:56)
	at com.cms.core.dao.TestGroupDao.testlistGroupChannelIds(TestGroupDao.java:109)
	at sun.reflect.NativeMethodAccessorImpl.invoke0(Native Method)
	at sun.reflect.NativeMethodAccessorImpl.invoke(NativeMethodAccessorImpl.java:62)
	at sun.reflect.DelegatingMethodAccessorImpl.invoke(DelegatingMethodAccessorImpl.java:43)
	at java.lang.reflect.Method.invoke(Method.java:498)
	at org.junit.runners.model.FrameworkMethod$1.runReflectiveCall(FrameworkMethod.java:45)
	at org.junit.internal.runners.model.ReflectiveCallable.run(ReflectiveCallable.java:15)
	at org.junit.runners.model.FrameworkMethod.invokeExplosively(FrameworkMethod.java:42)
	at org.junit.internal.runners.statements.InvokeMethod.evaluate(InvokeMethod.java:20)
	at org.junit.internal.runners.statements.RunBefores.evaluate(RunBefores.java:28)
	at org.springframework.test.context.junit4.statements.RunBeforeTestMethodCallbacks.evaluate(RunBeforeTestMethodCallbacks.java:75)
	at org.junit.internal.runners.statements.RunAfters.evaluate(RunAfters.java:30)
	at org.springframework.test.context.junit4.statements.RunAfterTestMethodCallbacks.evaluate(RunAfterTestMethodCallbacks.java:86)
	at org.springframework.test.context.junit4.statements.SpringRepeat.evaluate(SpringRepeat.java:84)
	at org.junit.runners.ParentRunner.runLeaf(ParentRunner.java:263)
	at org.springframework.test.context.junit4.SpringJUnit4ClassRunner.runChild(SpringJUnit4ClassRunner.java:254)
	at org.springframework.test.context.junit4.SpringJUnit4ClassRunner.runChild(SpringJUnit4ClassRunner.java:89)
	at org.junit.runners.ParentRunner$3.run(ParentRunner.java:231)
	at org.junit.runners.ParentRunner$1.schedule(ParentRunner.java:60)
	at org.junit.runners.ParentRunner.runChildren(ParentRunner.java:229)
	at org.junit.runners.ParentRunner.access$000(ParentRunner.java:50)
	at org.junit.runners.ParentRunner$2.evaluate(ParentRunner.java:222)
	at org.junit.internal.runners.statements.RunBefores.evaluate(RunBefores.java:28)
	at org.springframework.test.context.junit4.statements.RunBeforeTestClassCallbacks.evaluate(RunBeforeTestClassCallbacks.java:61)
	at org.junit.internal.runners.statements.RunAfters.evaluate(RunAfters.java:30)
	at org.springframework.test.context.junit4.statements.RunAfterTestClassCallbacks.evaluate(RunAfterTestClassCallbacks.java:70)
	at org.junit.runners.ParentRunner.run(ParentRunner.java:300)
	at org.springframework.test.context.junit4.SpringJUnit4ClassRunner.run(SpringJUnit4ClassRunner.java:193)
	at org.eclipse.jdt.internal.junit4.runner.JUnit4TestReference.run(JUnit4TestReference.java:86)
	at org.eclipse.jdt.internal.junit.runner.TestExecution.run(TestExecution.java:38)
	at org.eclipse.jdt.internal.junit.runner.RemoteTestRunner.runTests(RemoteTestRunner.java:459)
	at org.eclipse.jdt.internal.junit.runner.RemoteTestRunner.runTests(RemoteTestRunner.java:678)
	at org.eclipse.jdt.internal.junit.runner.RemoteTestRunner.run(RemoteTestRunner.java:382)
	at org.eclipse.jdt.internal.junit.runner.RemoteTestRunner.main(RemoteTestRunner.java:192)

</error>
  </testcase>
</testrun>
